000 (1225437.000.000) 2022-08-22 15:01:24 Job submitted from host: <172.30.1.100:9618?addrs=172.30.1.100-9618&alias=tamsa1.snu.ac.kr&noUDP&sock=schedd_3296_5c3e>
...
040 (1225437.000.000) 2022-08-22 15:01:44 Started transferring input files
	Transferring to host: <172.30.1.111:9618?addrs=172.30.1.111-9618&alias=n11&noUDP&sock=slot1_1_3801_e5f4_1501>
...
040 (1225437.000.000) 2022-08-22 15:01:44 Finished transferring input files
...
001 (1225437.000.000) 2022-08-22 15:01:45 Job executing on host: <172.30.1.111:9618?addrs=172.30.1.111-9618&alias=n11&noUDP&sock=startd_3767_6d59>
...
006 (1225437.000.000) 2022-08-22 15:01:54 Image size of job updated: 20472
	20  -  MemoryUsage of job (MB)
	20472  -  ResidentSetSize of job (KB)
...
006 (1225437.000.000) 2022-08-22 15:02:31 Image size of job updated: 996304
	20  -  MemoryUsage of job (MB)
	20472  -  ResidentSetSize of job (KB)
...
040 (1225437.000.000) 2022-08-22 15:02:32 Started transferring output files
...
040 (1225437.000.000) 2022-08-22 15:02:32 Finished transferring output files
...
005 (1225437.000.000) 2022-08-22 15:02:32 Job terminated.
	(1) Normal termination (return value 1)
		Usr 0 00:00:03, Sys 0 00:00:01  -  Run Remote Usage
		Usr 0 00:00:00, Sys 0 00:00:00  -  Run Local Usage
		Usr 0 00:00:03, Sys 0 00:00:01  -  Total Remote Usage
		Usr 0 00:00:00, Sys 0 00:00:00  -  Total Local Usage
	407  -  Run Bytes Sent By Job
	736  -  Run Bytes Received By Job
	407  -  Total Bytes Sent By Job
	736  -  Total Bytes Received By Job
	Partitionable Resources :    Usage  Request Allocated Assigned
	   Cpus                 :                 1         1 
	   Disk (KB)            :       25        1    127803 
	   Gpus (Average)       :                 1         1 "GPU-ebb73fb1"
	   Memory (MB)          :       20    16384     16384 

	Job terminated of its own accord at 2022-08-22T06:02:31Z.
...
000 (1225438.000.000) 2022-08-22 15:05:10 Job submitted from host: <172.30.1.100:9618?addrs=172.30.1.100-9618&alias=tamsa1.snu.ac.kr&noUDP&sock=schedd_3296_5c3e>
...
040 (1225438.000.000) 2022-08-22 15:05:11 Started transferring input files
	Transferring to host: <172.30.1.111:9618?addrs=172.30.1.111-9618&alias=n11&noUDP&sock=slot1_1_3801_e5f4_1502>
...
040 (1225438.000.000) 2022-08-22 15:05:11 Finished transferring input files
...
001 (1225438.000.000) 2022-08-22 15:05:12 Job executing on host: <172.30.1.111:9618?addrs=172.30.1.111-9618&alias=n11&noUDP&sock=startd_3767_6d59>
...
006 (1225438.000.000) 2022-08-22 15:05:20 Image size of job updated: 770964
	203  -  MemoryUsage of job (MB)
	207388  -  ResidentSetSize of job (KB)
...
040 (1225438.000.000) 2022-08-22 15:05:22 Started transferring output files
...
040 (1225438.000.000) 2022-08-22 15:05:22 Finished transferring output files
...
005 (1225438.000.000) 2022-08-22 15:05:22 Job terminated.
	(1) Normal termination (return value 1)
		Usr 0 00:00:03, Sys 0 00:00:00  -  Run Remote Usage
		Usr 0 00:00:00, Sys 0 00:00:00  -  Run Local Usage
		Usr 0 00:00:03, Sys 0 00:00:00  -  Total Remote Usage
		Usr 0 00:00:00, Sys 0 00:00:00  -  Total Local Usage
	407  -  Run Bytes Sent By Job
	736  -  Run Bytes Received By Job
	407  -  Total Bytes Sent By Job
	736  -  Total Bytes Received By Job
	Partitionable Resources :    Usage  Request Allocated Assigned
	   Cpus                 :                 1         1 
	   Disk (KB)            :       25        1    127803 
	   Gpus (Average)       :                 1         1 "GPU-ebb73fb1"
	   Memory (MB)          :      203    16384     16384 

	Job terminated of its own accord at 2022-08-22T06:05:22Z.
...
000 (1225439.000.000) 2022-08-22 15:09:32 Job submitted from host: <172.30.1.100:9618?addrs=172.30.1.100-9618&alias=tamsa1.snu.ac.kr&noUDP&sock=schedd_3296_5c3e>
...
040 (1225439.000.000) 2022-08-22 15:09:32 Started transferring input files
	Transferring to host: <172.30.1.111:9618?addrs=172.30.1.111-9618&alias=n11&noUDP&sock=slot1_1_3801_e5f4_1503>
...
040 (1225439.000.000) 2022-08-22 15:09:32 Finished transferring input files
...
001 (1225439.000.000) 2022-08-22 15:09:33 Job executing on host: <172.30.1.111:9618?addrs=172.30.1.111-9618&alias=n11&noUDP&sock=startd_3767_6d59>
...
006 (1225439.000.000) 2022-08-22 15:09:42 Image size of job updated: 80660
	79  -  MemoryUsage of job (MB)
	80660  -  ResidentSetSize of job (KB)
...
006 (1225439.000.000) 2022-08-22 15:11:01 Image size of job updated: 10023484
	79  -  MemoryUsage of job (MB)
	80828  -  ResidentSetSize of job (KB)
...
040 (1225439.000.000) 2022-08-22 15:11:18 Started transferring output files
...
040 (1225439.000.000) 2022-08-22 15:11:19 Finished transferring output files
...
005 (1225439.000.000) 2022-08-22 15:11:19 Job terminated.
	(1) Normal termination (return value 0)
		Usr 0 00:01:23, Sys 0 00:00:08  -  Run Remote Usage
		Usr 0 00:00:00, Sys 0 00:00:00  -  Run Local Usage
		Usr 0 00:01:23, Sys 0 00:00:08  -  Total Remote Usage
		Usr 0 00:00:00, Sys 0 00:00:00  -  Total Local Usage
	567345  -  Run Bytes Sent By Job
	736  -  Run Bytes Received By Job
	567345  -  Total Bytes Sent By Job
	736  -  Total Bytes Received By Job
	Partitionable Resources :    Usage  Request Allocated Assigned
	   Cpus                 :     1.10        1         1 
	   Disk (KB)            : 13509           1    127803 
	   Gpus (Average)       :     0           1         1 "GPU-ebb73fb1"
	   GpusMemory (MB)      :   311                       
	   Memory (MB)          :    79       16384     16384 

	Job terminated of its own accord at 2022-08-22T06:11:01Z.
...
000 (1225440.000.000) 2022-08-22 15:12:28 Job submitted from host: <172.30.1.100:9618?addrs=172.30.1.100-9618&alias=tamsa1.snu.ac.kr&noUDP&sock=schedd_3296_5c3e>
...
040 (1225440.000.000) 2022-08-22 15:12:30 Started transferring input files
	Transferring to host: <172.30.1.111:9618?addrs=172.30.1.111-9618&alias=n11&noUDP&sock=slot1_1_3801_e5f4_1504>
...
040 (1225440.000.000) 2022-08-22 15:12:30 Finished transferring input files
...
001 (1225440.000.000) 2022-08-22 15:12:31 Job executing on host: <172.30.1.111:9618?addrs=172.30.1.111-9618&alias=n11&noUDP&sock=startd_3767_6d59>
...
006 (1225440.000.000) 2022-08-22 15:12:40 Image size of job updated: 356628
	134  -  MemoryUsage of job (MB)
	136516  -  ResidentSetSize of job (KB)
...
006 (1225440.000.000) 2022-08-22 15:13:34 Image size of job updated: 10246252
	134  -  MemoryUsage of job (MB)
	136988  -  ResidentSetSize of job (KB)
...
040 (1225440.000.000) 2022-08-22 15:15:28 Started transferring output files
...
040 (1225440.000.000) 2022-08-22 15:15:29 Finished transferring output files
...
005 (1225440.000.000) 2022-08-22 15:15:29 Job terminated.
	(1) Normal termination (return value 1)
		Usr 0 00:00:59, Sys 0 00:00:06  -  Run Remote Usage
		Usr 0 00:00:00, Sys 0 00:00:00  -  Run Local Usage
		Usr 0 00:00:59, Sys 0 00:00:06  -  Total Remote Usage
		Usr 0 00:00:00, Sys 0 00:00:00  -  Total Local Usage
	4439  -  Run Bytes Sent By Job
	736  -  Run Bytes Received By Job
	4439  -  Total Bytes Sent By Job
	736  -  Total Bytes Received By Job
	Partitionable Resources :    Usage  Request Allocated Assigned
	   Cpus                 :                 1         1 
	   Disk (KB)            :       29        1    127803 
	   Gpus (Average)       :                 1         1 "GPU-ebb73fb1"
	   Memory (MB)          :      134    16384     16384 

	Job terminated of its own accord at 2022-08-22T06:13:34Z.
...
000 (1225441.000.000) 2022-08-22 15:16:31 Job submitted from host: <172.30.1.100:9618?addrs=172.30.1.100-9618&alias=tamsa1.snu.ac.kr&noUDP&sock=schedd_3296_5c3e>
...
040 (1225441.000.000) 2022-08-22 15:16:51 Started transferring input files
	Transferring to host: <172.30.1.111:9618?addrs=172.30.1.111-9618&alias=n11&noUDP&sock=slot1_1_3801_e5f4_1505>
...
040 (1225441.000.000) 2022-08-22 15:16:51 Finished transferring input files
...
001 (1225441.000.000) 2022-08-22 15:16:52 Job executing on host: <172.30.1.111:9618?addrs=172.30.1.111-9618&alias=n11&noUDP&sock=startd_3767_6d59>
...
006 (1225441.000.000) 2022-08-22 15:17:00 Image size of job updated: 885948
	209  -  MemoryUsage of job (MB)
	213372  -  ResidentSetSize of job (KB)
...
006 (1225441.000.000) 2022-08-22 15:17:14 Image size of job updated: 2130772
	209  -  MemoryUsage of job (MB)
	213372  -  ResidentSetSize of job (KB)
...
040 (1225441.000.000) 2022-08-22 15:17:56 Started transferring output files
...
040 (1225441.000.000) 2022-08-22 15:17:56 Finished transferring output files
...
005 (1225441.000.000) 2022-08-22 15:17:56 Job terminated.
	(1) Normal termination (return value 1)
		Usr 0 00:01:04, Sys 0 00:00:05  -  Run Remote Usage
		Usr 0 00:00:00, Sys 0 00:00:00  -  Run Local Usage
		Usr 0 00:01:04, Sys 0 00:00:05  -  Total Remote Usage
		Usr 0 00:00:00, Sys 0 00:00:00  -  Total Local Usage
	9732  -  Run Bytes Sent By Job
	736  -  Run Bytes Received By Job
	9732  -  Total Bytes Sent By Job
	736  -  Total Bytes Received By Job
	Partitionable Resources :    Usage  Request Allocated Assigned
	   Cpus                 :                 1         1 
	   Disk (KB)            :       34        1    127803 
	   Gpus (Average)       :                 1         1 "GPU-ebb73fb1"
	   Memory (MB)          :      209    16384     16384 

	Job terminated of its own accord at 2022-08-22T06:17:14Z.
...
000 (1225442.000.000) 2022-08-22 15:20:46 Job submitted from host: <172.30.1.100:9618?addrs=172.30.1.100-9618&alias=tamsa1.snu.ac.kr&noUDP&sock=schedd_3296_5c3e>
...
040 (1225442.000.000) 2022-08-22 15:20:47 Started transferring input files
	Transferring to host: <172.30.1.111:9618?addrs=172.30.1.111-9618&alias=n11&noUDP&sock=slot1_1_3801_e5f4_1506>
...
040 (1225442.000.000) 2022-08-22 15:20:47 Finished transferring input files
...
001 (1225442.000.000) 2022-08-22 15:20:48 Job executing on host: <172.30.1.111:9618?addrs=172.30.1.111-9618&alias=n11&noUDP&sock=startd_3767_6d59>
...
006 (1225442.000.000) 2022-08-22 15:20:56 Image size of job updated: 350484
	195  -  MemoryUsage of job (MB)
	199124  -  ResidentSetSize of job (KB)
...
006 (1225442.000.000) 2022-08-22 15:21:10 Image size of job updated: 4851684
	195  -  MemoryUsage of job (MB)
	199156  -  ResidentSetSize of job (KB)
...
040 (1225442.000.000) 2022-08-22 15:21:10 Started transferring output files
...
040 (1225442.000.000) 2022-08-22 15:21:10 Finished transferring output files
...
005 (1225442.000.000) 2022-08-22 15:21:10 Job terminated.
	(1) Normal termination (return value 1)
		Usr 0 00:01:05, Sys 0 00:00:06  -  Run Remote Usage
		Usr 0 00:00:00, Sys 0 00:00:00  -  Run Local Usage
		Usr 0 00:01:05, Sys 0 00:00:06  -  Total Remote Usage
		Usr 0 00:00:00, Sys 0 00:00:00  -  Total Local Usage
	9937  -  Run Bytes Sent By Job
	736  -  Run Bytes Received By Job
	9937  -  Total Bytes Sent By Job
	736  -  Total Bytes Received By Job
	Partitionable Resources :    Usage  Request Allocated Assigned
	   Cpus                 :                 1         1 
	   Disk (KB)            :       34        1    127803 
	   Gpus (Average)       :                 1         1 "GPU-ebb73fb1"
	   Memory (MB)          :      195    16384     16384 

	Job terminated of its own accord at 2022-08-22T06:21:10Z.
...
000 (1225443.000.000) 2022-08-22 15:26:20 Job submitted from host: <172.30.1.100:9618?addrs=172.30.1.100-9618&alias=tamsa1.snu.ac.kr&noUDP&sock=schedd_3296_5c3e>
...
040 (1225443.000.000) 2022-08-22 15:26:20 Started transferring input files
	Transferring to host: <172.30.1.111:9618?addrs=172.30.1.111-9618&alias=n11&noUDP&sock=slot1_1_3801_e5f4_1507>
...
040 (1225443.000.000) 2022-08-22 15:26:20 Finished transferring input files
...
001 (1225443.000.000) 2022-08-22 15:26:21 Job executing on host: <172.30.1.111:9618?addrs=172.30.1.111-9618&alias=n11&noUDP&sock=startd_3767_6d59>
...
006 (1225443.000.000) 2022-08-22 15:26:30 Image size of job updated: 207840
	203  -  MemoryUsage of job (MB)
	207840  -  ResidentSetSize of job (KB)
...
006 (1225443.000.000) 2022-08-22 15:26:43 Image size of job updated: 2255600
	204  -  MemoryUsage of job (MB)
	208116  -  ResidentSetSize of job (KB)
...
040 (1225443.000.000) 2022-08-22 15:26:44 Started transferring output files
...
040 (1225443.000.000) 2022-08-22 15:26:44 Finished transferring output files
...
005 (1225443.000.000) 2022-08-22 15:26:44 Job terminated.
	(1) Normal termination (return value 1)
		Usr 0 00:01:05, Sys 0 00:00:05  -  Run Remote Usage
		Usr 0 00:00:00, Sys 0 00:00:00  -  Run Local Usage
		Usr 0 00:01:05, Sys 0 00:00:05  -  Total Remote Usage
		Usr 0 00:00:00, Sys 0 00:00:00  -  Total Local Usage
	9756  -  Run Bytes Sent By Job
	736  -  Run Bytes Received By Job
	9756  -  Total Bytes Sent By Job
	736  -  Total Bytes Received By Job
	Partitionable Resources :    Usage  Request Allocated Assigned
	   Cpus                 :                 1         1 
	   Disk (KB)            :       34        1    127803 
	   Gpus (Average)       :                 1         1 "GPU-ebb73fb1"
	   Memory (MB)          :      204    16384     16384 

	Job terminated of its own accord at 2022-08-22T06:26:43Z.
...
000 (1225444.000.000) 2022-08-22 15:28:49 Job submitted from host: <172.30.1.100:9618?addrs=172.30.1.100-9618&alias=tamsa1.snu.ac.kr&noUDP&sock=schedd_3296_5c3e>
...
040 (1225444.000.000) 2022-08-22 15:28:49 Started transferring input files
	Transferring to host: <172.30.1.111:9618?addrs=172.30.1.111-9618&alias=n11&noUDP&sock=slot1_1_3801_e5f4_1508>
...
040 (1225444.000.000) 2022-08-22 15:28:49 Finished transferring input files
...
001 (1225444.000.000) 2022-08-22 15:28:50 Job executing on host: <172.30.1.111:9618?addrs=172.30.1.111-9618&alias=n11&noUDP&sock=startd_3767_6d59>
...
006 (1225444.000.000) 2022-08-22 15:28:59 Image size of job updated: 312324
	306  -  MemoryUsage of job (MB)
	312324  -  ResidentSetSize of job (KB)
...
006 (1225444.000.000) 2022-08-22 15:33:59 Image size of job updated: 11367940
	2234  -  MemoryUsage of job (MB)
	2287508  -  ResidentSetSize of job (KB)
...
004 (1225444.000.000) 2022-08-22 15:34:01 Job was evicted.
	(0) CPU times
		Usr 0 00:05:34, Sys 0 00:00:19  -  Run Remote Usage
		Usr 0 00:00:00, Sys 0 00:00:00  -  Run Local Usage
	0  -  Run Bytes Sent By Job
	736  -  Run Bytes Received By Job
	Partitionable Resources :    Usage  Request Allocated Assigned
	   Cpus                 :     0.88        1         1 
	   Disk (KB)            :   483           1    127803 
	   Gpus (Average)       :     0.22        1         1 "GPU-ebb73fb1"
	   GpusMemory (MB)      :   988                       
	   Memory (MB)          :  2234       16384     16384 
...
009 (1225444.000.000) 2022-08-22 15:34:01 Job was aborted.
	via condor_rm (by user yeonjoon)
...
000 (1225445.000.000) 2022-08-22 15:34:09 Job submitted from host: <172.30.1.100:9618?addrs=172.30.1.100-9618&alias=tamsa1.snu.ac.kr&noUDP&sock=schedd_3296_5c3e>
...
040 (1225445.000.000) 2022-08-22 15:34:09 Started transferring input files
	Transferring to host: <172.30.1.111:9618?addrs=172.30.1.111-9618&alias=n11&noUDP&sock=slot1_1_3801_e5f4_1509>
...
040 (1225445.000.000) 2022-08-22 15:34:09 Finished transferring input files
...
001 (1225445.000.000) 2022-08-22 15:34:10 Job executing on host: <172.30.1.111:9618?addrs=172.30.1.111-9618&alias=n11&noUDP&sock=startd_3767_6d59>
...
006 (1225445.000.000) 2022-08-22 15:34:18 Image size of job updated: 173532
	170  -  MemoryUsage of job (MB)
	173532  -  ResidentSetSize of job (KB)
...
006 (1225445.000.000) 2022-08-22 15:37:19 Image size of job updated: 11354920
	2173  -  MemoryUsage of job (MB)
	2224956  -  ResidentSetSize of job (KB)
...
004 (1225445.000.000) 2022-08-22 15:37:19 Job was evicted.
	(0) CPU times
		Usr 0 00:03:19, Sys 0 00:00:12  -  Run Remote Usage
		Usr 0 00:00:00, Sys 0 00:00:00  -  Run Local Usage
	0  -  Run Bytes Sent By Job
	736  -  Run Bytes Received By Job
	Partitionable Resources :    Usage  Request Allocated Assigned
	   Cpus                 :     0.90        1         1 
	   Disk (KB)            :   249           1    127803 
	   Gpus (Average)       :     0.16        1         1 "GPU-ebb73fb1"
	   GpusMemory (MB)      :   974                       
	   Memory (MB)          :  2173       16384     16384 
...
009 (1225445.000.000) 2022-08-22 15:37:19 Job was aborted.
	via condor_rm (by user yeonjoon)
...
000 (1225446.000.000) 2022-08-22 15:37:25 Job submitted from host: <172.30.1.100:9618?addrs=172.30.1.100-9618&alias=tamsa1.snu.ac.kr&noUDP&sock=schedd_3296_5c3e>
...
040 (1225446.000.000) 2022-08-22 15:37:32 Started transferring input files
	Transferring to host: <172.30.1.111:9618?addrs=172.30.1.111-9618&alias=n11&noUDP&sock=slot1_1_3801_e5f4_1510>
...
040 (1225446.000.000) 2022-08-22 15:37:32 Finished transferring input files
...
001 (1225446.000.000) 2022-08-22 15:37:33 Job executing on host: <172.30.1.111:9618?addrs=172.30.1.111-9618&alias=n11&noUDP&sock=startd_3767_6d59>
...
006 (1225446.000.000) 2022-08-22 15:37:42 Image size of job updated: 862208
	174  -  MemoryUsage of job (MB)
	177500  -  ResidentSetSize of job (KB)
...
006 (1225446.000.000) 2022-08-22 15:40:31 Image size of job updated: 11344960
	2149  -  MemoryUsage of job (MB)
	2200156  -  ResidentSetSize of job (KB)
...
004 (1225446.000.000) 2022-08-22 15:40:31 Job was evicted.
	(0) CPU times
		Usr 0 00:03:05, Sys 0 00:00:12  -  Run Remote Usage
		Usr 0 00:00:00, Sys 0 00:00:00  -  Run Local Usage
	0  -  Run Bytes Sent By Job
	736  -  Run Bytes Received By Job
	Partitionable Resources :    Usage  Request Allocated Assigned
	   Cpus                 :     0.92        1         1 
	   Disk (KB)            :   157           1    127803 
	   Gpus (Average)       :     0.17        1         1 "GPU-ebb73fb1"
	   GpusMemory (MB)      :  1018                       
	   Memory (MB)          :  2149       16384     16384 
...
009 (1225446.000.000) 2022-08-22 15:40:32 Job was aborted.
	via condor_rm (by user yeonjoon)
...
000 (1225452.000.000) 2022-08-22 15:54:43 Job submitted from host: <172.30.1.100:9618?addrs=172.30.1.100-9618&alias=tamsa1.snu.ac.kr&noUDP&sock=schedd_3296_5c3e>
...
040 (1225452.000.000) 2022-08-22 15:55:00 Started transferring input files
	Transferring to host: <172.30.1.111:9618?addrs=172.30.1.111-9618&alias=n11&noUDP&sock=slot1_1_3801_e5f4_1516>
...
040 (1225452.000.000) 2022-08-22 15:55:00 Finished transferring input files
...
001 (1225452.000.000) 2022-08-22 15:55:01 Job executing on host: <172.30.1.111:9618?addrs=172.30.1.111-9618&alias=n11&noUDP&sock=startd_3767_6d59>
...
006 (1225452.000.000) 2022-08-22 15:55:10 Image size of job updated: 350352
	21  -  MemoryUsage of job (MB)
	20532  -  ResidentSetSize of job (KB)
...
006 (1225452.000.000) 2022-08-22 16:00:11 Image size of job updated: 11406000
	2049  -  MemoryUsage of job (MB)
	2097196  -  ResidentSetSize of job (KB)
...
006 (1225452.000.000) 2022-08-22 16:05:11 Image size of job updated: 11420364
	2266  -  MemoryUsage of job (MB)
	2319844  -  ResidentSetSize of job (KB)
...
006 (1225452.000.000) 2022-08-22 16:10:11 Image size of job updated: 11434984
	2266  -  MemoryUsage of job (MB)
	2319844  -  ResidentSetSize of job (KB)
...
006 (1225452.000.000) 2022-08-22 16:15:13 Image size of job updated: 11451400
	2266  -  MemoryUsage of job (MB)
	2319844  -  ResidentSetSize of job (KB)
...
006 (1225452.000.000) 2022-08-22 16:20:13 Image size of job updated: 11467816
	2266  -  MemoryUsage of job (MB)
	2319844  -  ResidentSetSize of job (KB)
...
006 (1225452.000.000) 2022-08-22 16:25:13 Image size of job updated: 11471156
	2266  -  MemoryUsage of job (MB)
	2319844  -  ResidentSetSize of job (KB)
...
006 (1225452.000.000) 2022-08-22 16:30:14 Image size of job updated: 11491960
	2295  -  MemoryUsage of job (MB)
	2349616  -  ResidentSetSize of job (KB)
...
006 (1225452.000.000) 2022-08-22 16:35:14 Image size of job updated: 11544356
	2295  -  MemoryUsage of job (MB)
	2349992  -  ResidentSetSize of job (KB)
...
006 (1225452.000.000) 2022-08-22 16:40:14 Image size of job updated: 11558720
	2295  -  MemoryUsage of job (MB)
	2349992  -  ResidentSetSize of job (KB)
...
006 (1225452.000.000) 2022-08-22 16:43:34 Image size of job updated: 11564876
	2295  -  MemoryUsage of job (MB)
	2349992  -  ResidentSetSize of job (KB)
...
040 (1225452.000.000) 2022-08-22 16:43:35 Started transferring output files
...
040 (1225452.000.000) 2022-08-22 16:43:35 Finished transferring output files
...
005 (1225452.000.000) 2022-08-22 16:43:35 Job terminated.
	(1) Normal termination (return value 0)
		Usr 0 00:44:57, Sys 0 00:02:11  -  Run Remote Usage
		Usr 0 00:00:00, Sys 0 00:00:00  -  Run Local Usage
		Usr 0 00:44:57, Sys 0 00:02:11  -  Total Remote Usage
		Usr 0 00:00:00, Sys 0 00:00:00  -  Total Local Usage
	12007618  -  Run Bytes Sent By Job
	736  -  Run Bytes Received By Job
	12007618  -  Total Bytes Sent By Job
	736  -  Total Bytes Received By Job
	Partitionable Resources :    Usage  Request Allocated Assigned
	   Cpus                 :     0.92        1         1 
	   Disk (KB)            : 24708           1    127803 
	   Gpus (Average)       :     0.23        1         1 "GPU-ebb73fb1"
	   GpusMemory (MB)      :  1052                       
	   Memory (MB)          :  2295       16384     16384 

	Job terminated of its own accord at 2022-08-22T07:43:34Z.
...
000 (1229303.000.000) 2022-08-24 17:44:11 Job submitted from host: <172.30.1.100:9618?addrs=172.30.1.100-9618&alias=tamsa1.snu.ac.kr&noUDP&sock=schedd_3296_5c3e>
...
000 (1229303.001.000) 2022-08-24 17:44:11 Job submitted from host: <172.30.1.100:9618?addrs=172.30.1.100-9618&alias=tamsa1.snu.ac.kr&noUDP&sock=schedd_3296_5c3e>
...
000 (1229303.002.000) 2022-08-24 17:44:11 Job submitted from host: <172.30.1.100:9618?addrs=172.30.1.100-9618&alias=tamsa1.snu.ac.kr&noUDP&sock=schedd_3296_5c3e>
...
000 (1229303.003.000) 2022-08-24 17:44:11 Job submitted from host: <172.30.1.100:9618?addrs=172.30.1.100-9618&alias=tamsa1.snu.ac.kr&noUDP&sock=schedd_3296_5c3e>
...
000 (1229303.004.000) 2022-08-24 17:44:11 Job submitted from host: <172.30.1.100:9618?addrs=172.30.1.100-9618&alias=tamsa1.snu.ac.kr&noUDP&sock=schedd_3296_5c3e>
...
000 (1229303.005.000) 2022-08-24 17:44:11 Job submitted from host: <172.30.1.100:9618?addrs=172.30.1.100-9618&alias=tamsa1.snu.ac.kr&noUDP&sock=schedd_3296_5c3e>
...
040 (1229303.000.000) 2022-08-24 17:44:12 Started transferring input files
	Transferring to host: <172.30.1.111:9618?addrs=172.30.1.111-9618&alias=n11&noUDP&sock=slot1_1_3801_e5f4_1844>
...
040 (1229303.000.000) 2022-08-24 17:44:12 Finished transferring input files
...
040 (1229303.001.000) 2022-08-24 17:44:12 Started transferring input files
	Transferring to host: <172.30.1.111:9618?addrs=172.30.1.111-9618&alias=n11&noUDP&sock=slot1_2_3801_e5f4_1845>
...
040 (1229303.001.000) 2022-08-24 17:44:12 Finished transferring input files
...
001 (1229303.000.000) 2022-08-24 17:44:13 Job executing on host: <172.30.1.111:9618?addrs=172.30.1.111-9618&alias=n11&noUDP&sock=startd_3767_6d59>
...
001 (1229303.001.000) 2022-08-24 17:44:13 Job executing on host: <172.30.1.111:9618?addrs=172.30.1.111-9618&alias=n11&noUDP&sock=startd_3767_6d59>
...
006 (1229303.000.000) 2022-08-24 17:44:21 Image size of job updated: 113304
	21  -  MemoryUsage of job (MB)
	20484  -  ResidentSetSize of job (KB)
...
006 (1229303.001.000) 2022-08-24 17:44:21 Image size of job updated: 20500
	21  -  MemoryUsage of job (MB)
	20488  -  ResidentSetSize of job (KB)
...
009 (1229303.002.000) 2022-08-24 17:44:23 Job was aborted.
	via condor_rm (by user yeonjoon)
...
009 (1229303.003.000) 2022-08-24 17:44:23 Job was aborted.
	via condor_rm (by user yeonjoon)
...
009 (1229303.004.000) 2022-08-24 17:44:23 Job was aborted.
	via condor_rm (by user yeonjoon)
...
009 (1229303.005.000) 2022-08-24 17:44:23 Job was aborted.
	via condor_rm (by user yeonjoon)
...
006 (1229303.000.000) 2022-08-24 17:44:23 Image size of job updated: 267448
	21  -  MemoryUsage of job (MB)
	20484  -  ResidentSetSize of job (KB)
...
006 (1229303.001.000) 2022-08-24 17:44:23 Image size of job updated: 267448
	21  -  MemoryUsage of job (MB)
	20488  -  ResidentSetSize of job (KB)
...
004 (1229303.000.000) 2022-08-24 17:44:23 Job was evicted.
	(0) CPU times
		Usr 0 00:00:00, Sys 0 00:00:00  -  Run Remote Usage
		Usr 0 00:00:00, Sys 0 00:00:00  -  Run Local Usage
	0  -  Run Bytes Sent By Job
	736  -  Run Bytes Received By Job
	Partitionable Resources :    Usage  Request Allocated Assigned
	   Cpus                 :     0.01        1         1 
	   Disk (KB)            :    31           1    127803 
	   Gpus (Average)       :     0           1         1 "GPU-ebb73fb1"
	   GpusMemory (MB)      :   311                       
	   Memory (MB)          :    21       16384     16384 
...
004 (1229303.001.000) 2022-08-24 17:44:23 Job was evicted.
	(0) CPU times
		Usr 0 00:00:00, Sys 0 00:00:00  -  Run Remote Usage
		Usr 0 00:00:00, Sys 0 00:00:00  -  Run Local Usage
	0  -  Run Bytes Sent By Job
	736  -  Run Bytes Received By Job
	Partitionable Resources :    Usage  Request Allocated Assigned
	   Cpus                 :     0.02        1         1 
	   Disk (KB)            :    31           1    127803 
	   Gpus (Average)       :     0           1         1 "GPU-5aaacc6f"
	   GpusMemory (MB)      :   311                       
	   Memory (MB)          :    21       16384     16384 
...
009 (1229303.000.000) 2022-08-24 17:44:23 Job was aborted.
	via condor_rm (by user yeonjoon)
...
009 (1229303.001.000) 2022-08-24 17:44:23 Job was aborted.
	via condor_rm (by user yeonjoon)
...
000 (1229304.000.000) 2022-08-24 17:44:34 Job submitted from host: <172.30.1.100:9618?addrs=172.30.1.100-9618&alias=tamsa1.snu.ac.kr&noUDP&sock=schedd_3296_5c3e>
...
000 (1229304.001.000) 2022-08-24 17:44:34 Job submitted from host: <172.30.1.100:9618?addrs=172.30.1.100-9618&alias=tamsa1.snu.ac.kr&noUDP&sock=schedd_3296_5c3e>
...
000 (1229304.002.000) 2022-08-24 17:44:34 Job submitted from host: <172.30.1.100:9618?addrs=172.30.1.100-9618&alias=tamsa1.snu.ac.kr&noUDP&sock=schedd_3296_5c3e>
...
000 (1229304.003.000) 2022-08-24 17:44:34 Job submitted from host: <172.30.1.100:9618?addrs=172.30.1.100-9618&alias=tamsa1.snu.ac.kr&noUDP&sock=schedd_3296_5c3e>
...
000 (1229304.004.000) 2022-08-24 17:44:34 Job submitted from host: <172.30.1.100:9618?addrs=172.30.1.100-9618&alias=tamsa1.snu.ac.kr&noUDP&sock=schedd_3296_5c3e>
...
000 (1229304.005.000) 2022-08-24 17:44:34 Job submitted from host: <172.30.1.100:9618?addrs=172.30.1.100-9618&alias=tamsa1.snu.ac.kr&noUDP&sock=schedd_3296_5c3e>
...
040 (1229304.000.000) 2022-08-24 17:44:35 Started transferring input files
	Transferring to host: <172.30.1.111:9618?addrs=172.30.1.111-9618&alias=n11&noUDP&sock=slot1_1_3801_e5f4_1846>
...
040 (1229304.000.000) 2022-08-24 17:44:35 Finished transferring input files
...
040 (1229304.001.000) 2022-08-24 17:44:35 Started transferring input files
	Transferring to host: <172.30.1.111:9618?addrs=172.30.1.111-9618&alias=n11&noUDP&sock=slot1_2_3801_e5f4_1847>
...
040 (1229304.001.000) 2022-08-24 17:44:35 Finished transferring input files
...
001 (1229304.000.000) 2022-08-24 17:44:36 Job executing on host: <172.30.1.111:9618?addrs=172.30.1.111-9618&alias=n11&noUDP&sock=startd_3767_6d59>
...
001 (1229304.001.000) 2022-08-24 17:44:36 Job executing on host: <172.30.1.111:9618?addrs=172.30.1.111-9618&alias=n11&noUDP&sock=startd_3767_6d59>
...
006 (1229304.000.000) 2022-08-24 17:44:44 Image size of job updated: 242140
	114  -  MemoryUsage of job (MB)
	116104  -  ResidentSetSize of job (KB)
...
006 (1229304.001.000) 2022-08-24 17:44:44 Image size of job updated: 116100
	114  -  MemoryUsage of job (MB)
	116100  -  ResidentSetSize of job (KB)
...
006 (1229304.000.000) 2022-08-24 17:46:06 Image size of job updated: 10012068
	114  -  MemoryUsage of job (MB)
	116104  -  ResidentSetSize of job (KB)
...
040 (1229304.000.000) 2022-08-24 17:46:06 Started transferring output files
...
040 (1229304.000.000) 2022-08-24 17:46:06 Finished transferring output files
...
005 (1229304.000.000) 2022-08-24 17:46:06 Job terminated.
	(1) Normal termination (return value 0)
		Usr 0 00:01:13, Sys 0 00:00:08  -  Run Remote Usage
		Usr 0 00:00:00, Sys 0 00:00:00  -  Run Local Usage
		Usr 0 00:01:13, Sys 0 00:00:08  -  Total Remote Usage
		Usr 0 00:00:00, Sys 0 00:00:00  -  Total Local Usage
	571373  -  Run Bytes Sent By Job
	736  -  Run Bytes Received By Job
	571373  -  Total Bytes Sent By Job
	736  -  Total Bytes Received By Job
	Partitionable Resources :    Usage  Request Allocated Assigned
	   Cpus                 :     0.04        1         1 
	   Disk (KB)            : 13540           1    127803 
	   Gpus (Average)       :     0           1         1 "GPU-ebb73fb1"
	   GpusMemory (MB)      :   311                       
	   Memory (MB)          :   114       16384     16384 

	Job terminated of its own accord at 2022-08-24T08:46:06Z.
...
040 (1229304.002.000) 2022-08-24 17:46:35 Started transferring input files
	Transferring to host: <172.30.1.111:9618?addrs=172.30.1.111-9618&alias=n11&noUDP&sock=slot1_1_3801_e5f4_1848>
...
040 (1229304.002.000) 2022-08-24 17:46:35 Finished transferring input files
...
001 (1229304.002.000) 2022-08-24 17:46:36 Job executing on host: <172.30.1.111:9618?addrs=172.30.1.111-9618&alias=n11&noUDP&sock=startd_3767_6d59>
...
006 (1229304.002.000) 2022-08-24 17:46:44 Image size of job updated: 1420868
	1388  -  MemoryUsage of job (MB)
	1420868  -  ResidentSetSize of job (KB)
...
006 (1229304.001.000) 2022-08-24 17:49:44 Image size of job updated: 12816432
	2806  -  MemoryUsage of job (MB)
	2872592  -  ResidentSetSize of job (KB)
...
006 (1229304.002.000) 2022-08-24 17:51:44 Image size of job updated: 13539012
	3350  -  MemoryUsage of job (MB)
	3430316  -  ResidentSetSize of job (KB)
...
006 (1229304.001.000) 2022-08-24 17:54:44 Image size of job updated: 12856044
	2806  -  MemoryUsage of job (MB)
	2872592  -  ResidentSetSize of job (KB)
...
006 (1229304.002.000) 2022-08-24 17:56:45 Image size of job updated: 13585772
	3350  -  MemoryUsage of job (MB)
	3430316  -  ResidentSetSize of job (KB)
...
006 (1229304.002.000) 2022-08-24 18:01:45 Image size of job updated: 13590132
	3350  -  MemoryUsage of job (MB)
	3430316  -  ResidentSetSize of job (KB)
...
006 (1229304.001.000) 2022-08-24 18:04:45 Image size of job updated: 12909316
	2841  -  MemoryUsage of job (MB)
	2908320  -  ResidentSetSize of job (KB)
...
006 (1229304.002.000) 2022-08-24 18:06:45 Image size of job updated: 13686552
	3350  -  MemoryUsage of job (MB)
	3430316  -  ResidentSetSize of job (KB)
...
006 (1229304.002.000) 2022-08-24 18:16:47 Image size of job updated: 15858844
	3375  -  MemoryUsage of job (MB)
	3455332  -  ResidentSetSize of job (KB)
...
006 (1229304.002.000) 2022-08-24 18:21:47 Image size of job updated: 15858844
	3412  -  MemoryUsage of job (MB)
	3493688  -  ResidentSetSize of job (KB)
...
006 (1229304.001.000) 2022-08-24 18:29:47 Image size of job updated: 12909316
	3589  -  MemoryUsage of job (MB)
	3675136  -  ResidentSetSize of job (KB)
...
006 (1229304.001.000) 2022-08-24 18:49:49 Image size of job updated: 12909844
	3589  -  MemoryUsage of job (MB)
	3675136  -  ResidentSetSize of job (KB)
...
006 (1229304.001.000) 2022-08-24 18:54:50 Image size of job updated: 12918328
	3589  -  MemoryUsage of job (MB)
	3675136  -  ResidentSetSize of job (KB)
...
006 (1229304.001.000) 2022-08-24 18:59:51 Image size of job updated: 14790144
	3589  -  MemoryUsage of job (MB)
	3675136  -  ResidentSetSize of job (KB)
...
006 (1229304.002.000) 2022-08-24 19:01:53 Image size of job updated: 15918984
	3412  -  MemoryUsage of job (MB)
	3493688  -  ResidentSetSize of job (KB)
...
006 (1229304.002.000) 2022-08-24 19:21:55 Image size of job updated: 15932896
	3412  -  MemoryUsage of job (MB)
	3493688  -  ResidentSetSize of job (KB)
...
040 (1229304.001.000) 2022-08-24 19:27:33 Started transferring output files
...
040 (1229304.001.000) 2022-08-24 19:27:33 Finished transferring output files
...
005 (1229304.001.000) 2022-08-24 19:27:33 Job terminated.
	(1) Normal termination (return value 0)
		Usr 0 01:37:53, Sys 0 00:05:31  -  Run Remote Usage
		Usr 0 00:00:00, Sys 0 00:00:00  -  Run Local Usage
		Usr 0 01:37:53, Sys 0 00:05:31  -  Total Remote Usage
		Usr 0 00:00:00, Sys 0 00:00:00  -  Total Local Usage
	14066553  -  Run Bytes Sent By Job
	736  -  Run Bytes Received By Job
	14066553  -  Total Bytes Sent By Job
	736  -  Total Bytes Received By Job
	Partitionable Resources :    Usage  Request Allocated Assigned
	   Cpus                 :     1.00        1         1 
	   Disk (KB)            : 30825           1    127803 
	   Gpus (Average)       :     0           1         1 "GPU-5aaacc6f"
	   GpusMemory (MB)      :  3056                       
	   Memory (MB)          :  3589       16384     16384 

	Job terminated of its own accord at 2022-08-24T10:27:33Z.
...
040 (1229304.003.000) 2022-08-24 19:27:45 Started transferring input files
	Transferring to host: <172.30.1.111:9618?addrs=172.30.1.111-9618&alias=n11&noUDP&sock=slot1_2_3801_e5f4_1849>
...
040 (1229304.003.000) 2022-08-24 19:27:45 Finished transferring input files
...
001 (1229304.003.000) 2022-08-24 19:27:46 Job executing on host: <172.30.1.111:9618?addrs=172.30.1.111-9618&alias=n11&noUDP&sock=startd_3767_6d59>
...
006 (1229304.003.000) 2022-08-24 19:27:55 Image size of job updated: 770376
	140  -  MemoryUsage of job (MB)
	142872  -  ResidentSetSize of job (KB)
...
040 (1229304.002.000) 2022-08-24 19:29:04 Started transferring output files
...
040 (1229304.002.000) 2022-08-24 19:29:04 Finished transferring output files
...
005 (1229304.002.000) 2022-08-24 19:29:04 Job terminated.
	(1) Normal termination (return value 0)
		Usr 0 01:38:10, Sys 0 00:05:56  -  Run Remote Usage
		Usr 0 00:00:00, Sys 0 00:00:00  -  Run Local Usage
		Usr 0 01:38:10, Sys 0 00:05:56  -  Total Remote Usage
		Usr 0 00:00:00, Sys 0 00:00:00  -  Total Local Usage
	13669878  -  Run Bytes Sent By Job
	736  -  Run Bytes Received By Job
	13669878  -  Total Bytes Sent By Job
	736  -  Total Bytes Received By Job
	Partitionable Resources :    Usage  Request Allocated Assigned
	   Cpus                 :     1.00        1         1 
	   Disk (KB)            : 16230           1    127803 
	   Gpus (Average)       :     0.25        1         1 "GPU-ebb73fb1"
	   GpusMemory (MB)      :  3722                       
	   Memory (MB)          :  3412       16384     16384 

	Job terminated of its own accord at 2022-08-24T10:29:04Z.
...
040 (1229304.004.000) 2022-08-24 19:29:46 Started transferring input files
	Transferring to host: <172.30.1.111:9618?addrs=172.30.1.111-9618&alias=n11&noUDP&sock=slot1_1_3801_e5f4_1850>
...
040 (1229304.004.000) 2022-08-24 19:29:46 Finished transferring input files
...
001 (1229304.004.000) 2022-08-24 19:29:47 Job executing on host: <172.30.1.111:9618?addrs=172.30.1.111-9618&alias=n11&noUDP&sock=startd_3767_6d59>
...
006 (1229304.004.000) 2022-08-24 19:29:55 Image size of job updated: 4842548
	1332  -  MemoryUsage of job (MB)
	1362952  -  ResidentSetSize of job (KB)
...
006 (1229304.003.000) 2022-08-24 19:32:56 Image size of job updated: 11601692
	1948  -  MemoryUsage of job (MB)
	1994684  -  ResidentSetSize of job (KB)
...
006 (1229304.004.000) 2022-08-24 19:34:55 Image size of job updated: 12750244
	2636  -  MemoryUsage of job (MB)
	2698600  -  ResidentSetSize of job (KB)
...
006 (1229304.003.000) 2022-08-24 19:37:57 Image size of job updated: 11630420
	2151  -  MemoryUsage of job (MB)
	2202580  -  ResidentSetSize of job (KB)
...
006 (1229304.004.000) 2022-08-24 19:39:56 Image size of job updated: 12754604
	3293  -  MemoryUsage of job (MB)
	3371400  -  ResidentSetSize of job (KB)
...
006 (1229304.003.000) 2022-08-24 19:42:57 Image size of job updated: 11657352
	2152  -  MemoryUsage of job (MB)
	2202908  -  ResidentSetSize of job (KB)
...
006 (1229304.004.000) 2022-08-24 19:44:57 Image size of job updated: 12797900
	3293  -  MemoryUsage of job (MB)
	3371400  -  ResidentSetSize of job (KB)
...
006 (1229304.003.000) 2022-08-24 19:47:59 Image size of job updated: 11680256
	2154  -  MemoryUsage of job (MB)
	2205428  -  ResidentSetSize of job (KB)
...
006 (1229304.003.000) 2022-08-24 19:52:59 Image size of job updated: 11708984
	2154  -  MemoryUsage of job (MB)
	2205428  -  ResidentSetSize of job (KB)
...
006 (1229304.003.000) 2022-08-24 19:57:59 Image size of job updated: 11737968
	2154  -  MemoryUsage of job (MB)
	2205428  -  ResidentSetSize of job (KB)
...
040 (1229304.003.000) 2022-08-24 19:58:11 Started transferring output files
...
040 (1229304.003.000) 2022-08-24 19:58:11 Finished transferring output files
...
005 (1229304.003.000) 2022-08-24 19:58:11 Job terminated.
	(1) Normal termination (return value 0)
		Usr 0 00:29:39, Sys 0 00:01:38  -  Run Remote Usage
		Usr 0 00:00:00, Sys 0 00:00:00  -  Run Local Usage
		Usr 0 00:29:39, Sys 0 00:01:38  -  Total Remote Usage
		Usr 0 00:00:00, Sys 0 00:00:00  -  Total Local Usage
	12749847  -  Run Bytes Sent By Job
	736  -  Run Bytes Received By Job
	12749847  -  Total Bytes Sent By Job
	736  -  Total Bytes Received By Job
	Partitionable Resources :    Usage  Request Allocated Assigned
	   Cpus                 :     1.00        1         1 
	   Disk (KB)            : 19161           1    127803 
	   Gpus (Average)       :                 1         1 "GPU-5aaacc6f"
	   GpusMemory (MB)      :  1462                       
	   Memory (MB)          :  2154       16384     16384 

	Job terminated of its own accord at 2022-08-24T10:58:11Z.
...
040 (1229304.005.000) 2022-08-24 19:59:06 Started transferring input files
	Transferring to host: <172.30.1.111:9618?addrs=172.30.1.111-9618&alias=n11&noUDP&sock=slot1_2_3801_e5f4_1851>
...
040 (1229304.005.000) 2022-08-24 19:59:06 Finished transferring input files
...
001 (1229304.005.000) 2022-08-24 19:59:07 Job executing on host: <172.30.1.111:9618?addrs=172.30.1.111-9618&alias=n11&noUDP&sock=startd_3767_6d59>
...
006 (1229304.005.000) 2022-08-24 19:59:16 Image size of job updated: 1473064
	1439  -  MemoryUsage of job (MB)
	1473064  -  ResidentSetSize of job (KB)
...
006 (1229304.005.000) 2022-08-24 20:04:17 Image size of job updated: 13448780
	4126  -  MemoryUsage of job (MB)
	4224876  -  ResidentSetSize of job (KB)
...
006 (1229304.005.000) 2022-08-24 20:09:17 Image size of job updated: 13470248
	4126  -  MemoryUsage of job (MB)
	4224876  -  ResidentSetSize of job (KB)
...
006 (1229304.004.000) 2022-08-24 20:10:00 Image size of job updated: 13255276
	3293  -  MemoryUsage of job (MB)
	3371400  -  ResidentSetSize of job (KB)
...
006 (1229304.005.000) 2022-08-24 20:14:17 Image size of job updated: 13476404
	4126  -  MemoryUsage of job (MB)
	4224876  -  ResidentSetSize of job (KB)
...
006 (1229304.005.000) 2022-08-24 20:19:18 Image size of job updated: 13478456
	4126  -  MemoryUsage of job (MB)
	4224876  -  ResidentSetSize of job (KB)
...
006 (1229304.005.000) 2022-08-24 20:24:18 Image size of job updated: 13492692
	4126  -  MemoryUsage of job (MB)
	4224876  -  ResidentSetSize of job (KB)
...
006 (1229304.005.000) 2022-08-24 20:29:18 Image size of job updated: 14080300
	4126  -  MemoryUsage of job (MB)
	4224876  -  ResidentSetSize of job (KB)
...
006 (1229304.004.000) 2022-08-24 20:49:37 Image size of job updated: 13343744
	3293  -  MemoryUsage of job (MB)
	3371400  -  ResidentSetSize of job (KB)
...
040 (1229304.004.000) 2022-08-24 20:49:37 Started transferring output files
...
040 (1229304.004.000) 2022-08-24 20:49:37 Finished transferring output files
...
005 (1229304.004.000) 2022-08-24 20:49:38 Job terminated.
	(1) Normal termination (return value 0)
		Usr 0 01:17:04, Sys 0 00:04:17  -  Run Remote Usage
		Usr 0 00:00:00, Sys 0 00:00:00  -  Run Local Usage
		Usr 0 01:17:04, Sys 0 00:04:17  -  Total Remote Usage
		Usr 0 00:00:00, Sys 0 00:00:00  -  Total Local Usage
	12787338  -  Run Bytes Sent By Job
	736  -  Run Bytes Received By Job
	12787338  -  Total Bytes Sent By Job
	736  -  Total Bytes Received By Job
	Partitionable Resources :    Usage  Request Allocated Assigned
	   Cpus                 :     1.00        1         1 
	   Disk (KB)            : 19671           1    127803 
	   Gpus (Average)       :     0.23        1         1 "GPU-ebb73fb1"
	   GpusMemory (MB)      :  2926                       
	   Memory (MB)          :  3293       16384     16384 

	Job terminated of its own accord at 2022-08-24T11:49:37Z.
...
006 (1229304.005.000) 2022-08-24 21:39:26 Image size of job updated: 14080300
	4130  -  MemoryUsage of job (MB)
	4229112  -  ResidentSetSize of job (KB)
...
006 (1229304.005.000) 2022-08-24 21:42:12 Image size of job updated: 14437500
	4130  -  MemoryUsage of job (MB)
	4229112  -  ResidentSetSize of job (KB)
...
040 (1229304.005.000) 2022-08-24 21:42:12 Started transferring output files
...
040 (1229304.005.000) 2022-08-24 21:42:12 Finished transferring output files
...
005 (1229304.005.000) 2022-08-24 21:42:12 Job terminated.
	(1) Normal termination (return value 0)
		Usr 0 01:39:40, Sys 0 00:05:10  -  Run Remote Usage
		Usr 0 00:00:00, Sys 0 00:00:00  -  Run Local Usage
		Usr 0 01:39:40, Sys 0 00:05:10  -  Total Remote Usage
		Usr 0 00:00:00, Sys 0 00:00:00  -  Total Local Usage
	12266591  -  Run Bytes Sent By Job
	736  -  Run Bytes Received By Job
	12266591  -  Total Bytes Sent By Job
	736  -  Total Bytes Received By Job
	Partitionable Resources :    Usage  Request Allocated Assigned
	   Cpus                 :     1.00        1         1 
	   Disk (KB)            : 27110           1    127803 
	   Gpus (Average)       :     0.21        1         1 "GPU-5aaacc6f"
	   GpusMemory (MB)      :  3554                       
	   Memory (MB)          :  4130       16384     16384 

	Job terminated of its own accord at 2022-08-24T12:42:12Z.
...
