device is cpu
infering and writing
infering started for file /gv0/Users/yeonjoon/Vcb/Sample/2017/Mu/RunResult/Central_Syst/Vcb_QCD_bEnriched_HT200to300.root
POGTightWithTightIso_Central/Result_Tree
['bvsc_w_u', 'bvsc_w_d', 'cvsl_w_u', 'cvsl_w_d', 'cvsb_w_u', 'cvsb_w_d', 'n_bjets', 'n_cjets', 'weight', 'pt_w_u', 'pt_w_d', 'eta_w_u', 'eta_w_d', 'best_mva_score']
('/gv0/Users/yeonjoon/Vcb/Sample/2017/Mu/RunResult/Central_Syst/Vcb_QCD_bEnriched_HT200to300.root', 'POGTightWithTightIso_Central/Result_Tree', '')
none of the 8 overloaded methods succeeded. Full details:
  RDataFrame::RDataFrame(ROOT::RDataFrame&&) =>
    ValueError: could not convert argument 1 (object is not an rvalue)
  RDataFrame::RDataFrame(basic_string_view<char,char_traits<char> > treeName, TDirectory* dirPtr, const vector<string>& defaultBranches = {}) =>
    TypeError: takes at least 2 arguments (1 given)
  RDataFrame::RDataFrame(TTree& tree, const vector<string>& defaultBranches = {}) =>
    TypeError: could not convert argument 1
  RDataFrame::RDataFrame(basic_string_view<char,char_traits<char> > treename, const vector<string>& filenames, const vector<string>& defaultBranches = {}) =>
    TypeError: takes at least 2 arguments (1 given)
  RDataFrame::RDataFrame(const ROOT::RDataFrame&) =>
    TypeError: could not convert argument 1
  RDataFrame::RDataFrame(basic_string_view<char,char_traits<char> > treeName, basic_string_view<char,char_traits<char> > filenameglob, const vector<string>& defaultBranches = {}) =>
    TypeError: takes at least 2 arguments (1 given)
  RDataFrame::RDataFrame(ULong64_t numEntries) =>
    TypeError: could not convert argument 1 (an integer is required)
  RDataFrame::RDataFrame(unique_ptr<ROOT::RDF::RDataSource,default_delete<ROOT::RDF::RDataSource> >, const vector<string>& defaultBranches = {}) =>
    TypeError: could not convert argument 1
